Using pre-set license
Built from '2020.3/staging' branch; Version is '2020.3.20f1 (41c4e627c95f) revision 4310246'; Using compiler version '192528614'; Build Type 'Release'
OS: 'Windows 10 Home; OS build 19042.1348; Version 2009; 64bit' Language: 'en' Physical Memory: 16150 MB
BatchMode: 1, IsHumanControllingUs: 0, StartBugReporterOnCrash: 0, Is64bit: 1, IsPro: 0

COMMAND LINE ARGUMENTS:
C:\Program Files\Unity\Hub\Editor\2020.3.20f1\Editor\Unity.exe
-adb2
-batchMode
-noUpm
-name
AssetImportWorker0
-projectPath
C:/Users/skyle/OneDrive/Desktop/unity projects/REserch progect/LBELILE
-logFile
Logs/AssetImportWorker0.log
-srvPort
55096
Successfully changed project path to: C:/Users/skyle/OneDrive/Desktop/unity projects/REserch progect/LBELILE
C:/Users/skyle/OneDrive/Desktop/unity projects/REserch progect/LBELILE
Using Asset Import Pipeline V2.
Refreshing native plugins compatible for Editor in 54.01 ms, found 10 plugins.
Preloading 0 native plugins for Editor in 0.00 ms.
Initialize engine version: 2020.3.20f1 (41c4e627c95f)
[Subsystems] Discovering subsystems at path C:/Program Files/Unity/Hub/Editor/2020.3.20f1/Editor/Data/Resources/UnitySubsystems
[Subsystems] Discovering subsystems at path C:/Users/skyle/OneDrive/Desktop/unity projects/REserch progect/LBELILE/Assets
GfxDevice: creating device client; threaded=0
Direct3D:
    Version:  Direct3D 11.0 [level 11.1]
    Renderer: NVIDIA GeForce RTX 2060 (ID=0x1f15)
    Vendor:   
    VRAM:     5980 MB
    Driver:   27.21.14.6280
Initialize mono
Mono path[0] = 'C:/Program Files/Unity/Hub/Editor/2020.3.20f1/Editor/Data/Managed'
Mono path[1] = 'C:/Program Files/Unity/Hub/Editor/2020.3.20f1/Editor/Data/MonoBleedingEdge/lib/mono/unityjit'
Mono config path = 'C:/Program Files/Unity/Hub/Editor/2020.3.20f1/Editor/Data/MonoBleedingEdge/etc'
Using monoOptions --debugger-agent=transport=dt_socket,embedding=1,server=y,suspend=n,address=127.0.0.1:56456
Begin MonoManager ReloadAssembly
Registering precompiled unity dll's ...
Register platform support module: C:/Program Files/Unity/Hub/Editor/2020.3.20f1/Editor/Data/PlaybackEngines/WindowsStandaloneSupport/UnityEditor.WindowsStandalone.Extensions.dll
Registered in 0.002102 seconds.
Native extension for WindowsStandalone target not found
Refreshing native plugins compatible for Editor in 37.40 ms, found 10 plugins.
Preloading 0 native plugins for Editor in 0.00 ms.
Mono: successfully reloaded assembly
- Completed reload, in  1.689 seconds
Domain Reload Profiling:
	ReloadAssembly (1689ms)
		BeginReloadAssembly (49ms)
			ExecutionOrderSort (0ms)
			DisableScriptedObjects (0ms)
			BackupInstance (0ms)
			ReleaseScriptingObjects (0ms)
			CreateAndSetChildDomain (1ms)
		EndReloadAssembly (372ms)
			LoadAssemblies (47ms)
			RebuildTransferFunctionScriptingTraits (0ms)
			SetupTypeCache (133ms)
			ReleaseScriptCaches (0ms)
			RebuildScriptCaches (27ms)
			SetupLoadedEditorAssemblies (148ms)
				LogAssemblyErrors (0ms)
				InitializePlatformSupportModulesInManaged (4ms)
				SetLoadedEditorAssemblies (0ms)
				RefreshPlugins (38ms)
				BeforeProcessingInitializeOnLoad (15ms)
				ProcessInitializeOnLoadAttributes (67ms)
				ProcessInitializeOnLoadMethodAttributes (24ms)
				AfterProcessingInitializeOnLoad (0ms)
				EditorAssembliesLoaded (0ms)
			ExecutionOrderSort2 (0ms)
			AwakeInstancesAfterBackupRestoration (0ms)
Platform modules already initialized, skipping
Registering precompiled user dll's ...
Registered in 0.010898 seconds.
Begin MonoManager ReloadAssembly
Native extension for WindowsStandalone target not found
Refreshing native plugins compatible for Editor in 0.82 ms, found 10 plugins.
Preloading 0 native plugins for Editor in 0.00 ms.
Mono: successfully reloaded assembly
- Completed reload, in  0.960 seconds
Domain Reload Profiling:
	ReloadAssembly (960ms)
		BeginReloadAssembly (131ms)
			ExecutionOrderSort (0ms)
			DisableScriptedObjects (4ms)
			BackupInstance (0ms)
			ReleaseScriptingObjects (0ms)
			CreateAndSetChildDomain (15ms)
		EndReloadAssembly (774ms)
			LoadAssemblies (83ms)
			RebuildTransferFunctionScriptingTraits (0ms)
			SetupTypeCache (272ms)
			ReleaseScriptCaches (0ms)
			RebuildScriptCaches (41ms)
			SetupLoadedEditorAssemblies (285ms)
				LogAssemblyErrors (0ms)
				InitializePlatformSupportModulesInManaged (4ms)
				SetLoadedEditorAssemblies (0ms)
				RefreshPlugins (1ms)
				BeforeProcessingInitializeOnLoad (77ms)
				ProcessInitializeOnLoadAttributes (192ms)
				ProcessInitializeOnLoadMethodAttributes (4ms)
				AfterProcessingInitializeOnLoad (6ms)
				EditorAssembliesLoaded (0ms)
			ExecutionOrderSort2 (0ms)
			AwakeInstancesAfterBackupRestoration (6ms)
Platform modules already initialized, skipping
========================================================================
Worker process is ready to serve import requests
Launched and connected shader compiler UnityShaderCompiler.exe after 0.06 seconds
Refreshing native plugins compatible for Editor in 0.72 ms, found 10 plugins.
Preloading 0 native plugins for Editor in 0.00 ms.
Unloading 1777 Unused Serialized files (Serialized files now loaded: 0)
System memory in use before: 80.6 MB.
System memory in use after: 80.7 MB.

Unloading 70 unused Assets to reduce memory usage. Loaded Objects now: 2165.
Total: 2.669700 ms (FindLiveObjects: 0.149800 ms CreateObjectMapping: 0.058100 ms MarkObjects: 2.382900 ms  DeleteObjects: 0.078000 ms)

AssetImportParameters requested are different than current active one (requested -> active):
  custom:framework-win-MediaFoundation: 216162199b28c13a410421893ffa2e32 -> 
  custom:video-decoder-ogg-theora: a1e56fd34408186e4bbccfd4996cb3dc -> 
  custom:container-muxer-webm: aa71ff27fc2769a1b78a27578f13a17b -> 
  custom:container-demuxer-webm: 4f35f7cbe854078d1ac9338744f61a02 -> 
  custom:container-demuxer-ogg: 62fdf1f143b41e24485cea50d1cbac27 -> 
  custom:video-encoder-webm-vp8: eb34c28f22e8b96e1ab97ce403110664 -> 
  custom:video-codec-MediaFoundation-h265: 746d11721c4dcdbdad8f713fa42b33f4 -> 
  custom:video-decoder-webm-vp8: 9c59270c3fd7afecdb556c50c9e8de78 -> 
  custom:audio-decoder-ogg-vorbis: bf7c407c2cedff20999df2af8eb42d56 -> 
  custom:audio-encoder-webm-vorbis: bf7c407c2cedff20999df2af8eb42d56 -> 
========================================================================
Received Import Request.
  path: Assets/BasicVRHands/male_high_r.fbx
  artifactKey: Guid(23d2be3e4ed0956429c95c548ded4cda) Importer(815301076,1909f56bfc062723c751e8b465ee728b)
Start importing Assets/BasicVRHands/male_high_r.fbx using Guid(23d2be3e4ed0956429c95c548ded4cda) Importer(815301076,1909f56bfc062723c751e8b465ee728b)  -> (artifact id: '940b05ef77bfcb9a837c4fb0da75f8a3') in 0.143674 seconds 
  Import took 0.146371 seconds .

========================================================================
Received Import Request.
  Time since last request: 0.000304 seconds.
  path: Assets/BasicVRHands/male_hand_high_l.fbx
  artifactKey: Guid(8faae2143ce420f4187503f4ce48c7e1) Importer(815301076,1909f56bfc062723c751e8b465ee728b)
Start importing Assets/BasicVRHands/male_hand_high_l.fbx using Guid(8faae2143ce420f4187503f4ce48c7e1) Importer(815301076,1909f56bfc062723c751e8b465ee728b)  -> (artifact id: '0a27da24d602d0e44035eaca7d3cd57a') in 0.033922 seconds 
  Import took 0.036686 seconds .

========================================================================
Received Prepare
Registering precompiled user dll's ...
Registered in 0.012162 seconds.
Begin MonoManager ReloadAssembly
Native extension for WindowsStandalone target not found
Refreshing native plugins compatible for Editor in 0.77 ms, found 10 plugins.
Preloading 0 native plugins for Editor in 0.00 ms.
Mono: successfully reloaded assembly
- Completed reload, in  0.893 seconds
Domain Reload Profiling:
	ReloadAssembly (893ms)
		BeginReloadAssembly (111ms)
			ExecutionOrderSort (0ms)
			DisableScriptedObjects (4ms)
			BackupInstance (0ms)
			ReleaseScriptingObjects (0ms)
			CreateAndSetChildDomain (34ms)
		EndReloadAssembly (719ms)
			LoadAssemblies (87ms)
			RebuildTransferFunctionScriptingTraits (0ms)
			SetupTypeCache (251ms)
			ReleaseScriptCaches (1ms)
			RebuildScriptCaches (35ms)
			SetupLoadedEditorAssemblies (261ms)
				LogAssemblyErrors (0ms)
				InitializePlatformSupportModulesInManaged (4ms)
				SetLoadedEditorAssemblies (0ms)
				RefreshPlugins (1ms)
				BeforeProcessingInitializeOnLoad (71ms)
				ProcessInitializeOnLoadAttributes (175ms)
				ProcessInitializeOnLoadMethodAttributes (4ms)
				AfterProcessingInitializeOnLoad (6ms)
				EditorAssembliesLoaded (0ms)
			ExecutionOrderSort2 (0ms)
			AwakeInstancesAfterBackupRestoration (6ms)
Platform modules already initialized, skipping
Refreshing native plugins compatible for Editor in 0.73 ms, found 10 plugins.
Preloading 0 native plugins for Editor in 0.00 ms.
Unloading 1751 Unused Serialized files (Serialized files now loaded: 0)
System memory in use before: 95.8 MB.
System memory in use after: 95.9 MB.

Unloading 65 unused Assets to reduce memory usage. Loaded Objects now: 2179.
Total: 2.524600 ms (FindLiveObjects: 0.144000 ms CreateObjectMapping: 0.054200 ms MarkObjects: 2.299500 ms  DeleteObjects: 0.026000 ms)

AssetImportParameters requested are different than current active one (requested -> active):
  custom:framework-win-MediaFoundation: 216162199b28c13a410421893ffa2e32 -> 
  custom:video-decoder-ogg-theora: a1e56fd34408186e4bbccfd4996cb3dc -> 
  custom:container-muxer-webm: aa71ff27fc2769a1b78a27578f13a17b -> 
  custom:container-demuxer-webm: 4f35f7cbe854078d1ac9338744f61a02 -> 
  custom:container-demuxer-ogg: 62fdf1f143b41e24485cea50d1cbac27 -> 
  custom:video-encoder-webm-vp8: eb34c28f22e8b96e1ab97ce403110664 -> 
  custom:video-codec-MediaFoundation-h265: 746d11721c4dcdbdad8f713fa42b33f4 -> 
  custom:video-decoder-webm-vp8: 9c59270c3fd7afecdb556c50c9e8de78 -> 
  custom:audio-decoder-ogg-vorbis: bf7c407c2cedff20999df2af8eb42d56 -> 
  custom:audio-encoder-webm-vorbis: bf7c407c2cedff20999df2af8eb42d56 -> 
========================================================================
Received Import Request.
  Time since last request: 191.502155 seconds.
  path: Assets/BasicVRHands/Meshes/female_hand_high_l.FBX
  artifactKey: Guid(cbb748cb9a237cd4baf339b5ab4ebe55) Importer(815301076,1909f56bfc062723c751e8b465ee728b)
Start importing Assets/BasicVRHands/Meshes/female_hand_high_l.FBX using Guid(cbb748cb9a237cd4baf339b5ab4ebe55) Importer(815301076,1909f56bfc062723c751e8b465ee728b)  -> (artifact id: '0d36ecca6a11f22fb87b9413c132bb9e') in 0.074673 seconds 
  Import took 0.078081 seconds .

========================================================================
Received Import Request.
  Time since last request: 0.000138 seconds.
  path: Assets/BasicVRHands/Meshes/male_hand_lowest_r.FBX
  artifactKey: Guid(741eb217f1938e8429449b9ae1046a6e) Importer(815301076,1909f56bfc062723c751e8b465ee728b)
Start importing Assets/BasicVRHands/Meshes/male_hand_lowest_r.FBX using Guid(741eb217f1938e8429449b9ae1046a6e) Importer(815301076,1909f56bfc062723c751e8b465ee728b)  -> (artifact id: '7f98b2e7c2426e4b81ac11c6642c581b') in 0.033989 seconds 
  Import took 0.036662 seconds .

========================================================================
Received Import Request.
  Time since last request: 0.000235 seconds.
  path: Assets/BasicVRHands/Meshes/male_hand_high_l.FBX
  artifactKey: Guid(1a19624296653b24c96a903ffbfce665) Importer(815301076,1909f56bfc062723c751e8b465ee728b)
Start importing Assets/BasicVRHands/Meshes/male_hand_high_l.FBX using Guid(1a19624296653b24c96a903ffbfce665) Importer(815301076,1909f56bfc062723c751e8b465ee728b)  -> (artifact id: '0c27ef7080485b3b6932f9249efb8b37') in 0.032228 seconds 
  Import took 0.035718 seconds .

========================================================================
Received Import Request.
  Time since last request: 0.000182 seconds.
  path: Assets/BasicVRHands/Meshes/female_hand_low_r.FBX
  artifactKey: Guid(b925000f3ec99c743925d5dd1a30ded6) Importer(815301076,1909f56bfc062723c751e8b465ee728b)
Start importing Assets/BasicVRHands/Meshes/female_hand_low_r.FBX using Guid(b925000f3ec99c743925d5dd1a30ded6) Importer(815301076,1909f56bfc062723c751e8b465ee728b)  -> (artifact id: 'c52fff629030e2ebc22e3837416941ea') in 0.022693 seconds 
  Import took 0.025846 seconds .

========================================================================
Received Import Request.
  Time since last request: 0.000190 seconds.
  path: Assets/BasicVRHands/Meshes/male_hand_low_r.FBX
  artifactKey: Guid(0d33d2b2f6172304c869ba6f10b68371) Importer(815301076,1909f56bfc062723c751e8b465ee728b)
Start importing Assets/BasicVRHands/Meshes/male_hand_low_r.FBX using Guid(0d33d2b2f6172304c869ba6f10b68371) Importer(815301076,1909f56bfc062723c751e8b465ee728b)  -> (artifact id: 'd4a3edefc10f7826228a2e15ffba9d07') in 0.024367 seconds 
  Import took 0.027076 seconds .

========================================================================
Received Import Request.
  Time since last request: 0.000199 seconds.
  path: Assets/BasicVRHands/Meshes/female_hand_lowest_l.FBX
  artifactKey: Guid(9398597f6663dda4ca95887cf53d76c3) Importer(815301076,1909f56bfc062723c751e8b465ee728b)
Start importing Assets/BasicVRHands/Meshes/female_hand_lowest_l.FBX using Guid(9398597f6663dda4ca95887cf53d76c3) Importer(815301076,1909f56bfc062723c751e8b465ee728b)  -> (artifact id: 'a40d0eb1b440c8343b4bf8924fb07bf0') in 0.023200 seconds 
  Import took 0.026018 seconds .

========================================================================
Received Import Request.
  Time since last request: 0.000211 seconds.
  path: Assets/BasicVRHands/Meshes/male_hand_low_l.FBX
  artifactKey: Guid(1bde7dafb4d314e40ae6529e47bcf938) Importer(815301076,1909f56bfc062723c751e8b465ee728b)
Start importing Assets/BasicVRHands/Meshes/male_hand_low_l.FBX using Guid(1bde7dafb4d314e40ae6529e47bcf938) Importer(815301076,1909f56bfc062723c751e8b465ee728b)  -> (artifact id: 'b40c75209cf49cf50ee02cdf03efa477') in 0.021337 seconds 
  Import took 0.024452 seconds .

========================================================================
Received Import Request.
  Time since last request: 0.000190 seconds.
  path: Assets/BasicVRHands/Meshes/male_hand_lowest_l.FBX
  artifactKey: Guid(0e3ed7e2f4f64b64bac86cdedad14ad5) Importer(815301076,1909f56bfc062723c751e8b465ee728b)
Start importing Assets/BasicVRHands/Meshes/male_hand_lowest_l.FBX using Guid(0e3ed7e2f4f64b64bac86cdedad14ad5) Importer(815301076,1909f56bfc062723c751e8b465ee728b)  -> (artifact id: '1516c8a959cde6e7a03698db6f262800') in 0.020646 seconds 
  Import took 0.023211 seconds .

========================================================================
Received Import Request.
  Time since last request: 0.000147 seconds.
  path: Assets/BasicVRHands/Meshes/female_hand_lowest_r.FBX
  artifactKey: Guid(ae615f4d41e086e4a9bf9c79464c7f10) Importer(815301076,1909f56bfc062723c751e8b465ee728b)
Start importing Assets/BasicVRHands/Meshes/female_hand_lowest_r.FBX using Guid(ae615f4d41e086e4a9bf9c79464c7f10) Importer(815301076,1909f56bfc062723c751e8b465ee728b)  -> (artifact id: '49d137f7ade919278784a8af415bb056') in 0.024278 seconds 
  Import took 0.027448 seconds .

========================================================================
Received Import Request.
  Time since last request: 0.000135 seconds.
  path: Assets/BasicVRHands/Meshes/female_hand_low_l.FBX
  artifactKey: Guid(3b69d165d1a20474ca07043b2b4fea15) Importer(815301076,1909f56bfc062723c751e8b465ee728b)
Start importing Assets/BasicVRHands/Meshes/female_hand_low_l.FBX using Guid(3b69d165d1a20474ca07043b2b4fea15) Importer(815301076,1909f56bfc062723c751e8b465ee728b)  -> (artifact id: 'c637bf131d5b403b8461ea906bfd1ec5') in 0.026148 seconds 
  Import took 0.028648 seconds .

========================================================================
Received Import Request.
  Time since last request: 0.000166 seconds.
  path: Assets/BasicVRHands/Meshes/female_hand_high_r.FBX
  artifactKey: Guid(2b2a500c11fcc594ab10f4bb35efec50) Importer(815301076,1909f56bfc062723c751e8b465ee728b)
Start importing Assets/BasicVRHands/Meshes/female_hand_high_r.FBX using Guid(2b2a500c11fcc594ab10f4bb35efec50) Importer(815301076,1909f56bfc062723c751e8b465ee728b)  -> (artifact id: 'f206b0c0c66cf0facef2baa2d5371674') in 0.024505 seconds 
  Import took 0.027135 seconds .

========================================================================
Received Import Request.
  Time since last request: 0.000424 seconds.
  path: Assets/BasicVRHands/Meshes/male_hand_high_r.FBX
  artifactKey: Guid(1ed52b655b268ba47a59990cd96efc9a) Importer(815301076,1909f56bfc062723c751e8b465ee728b)
Start importing Assets/BasicVRHands/Meshes/male_hand_high_r.FBX using Guid(1ed52b655b268ba47a59990cd96efc9a) Importer(815301076,1909f56bfc062723c751e8b465ee728b)  -> (artifact id: '1908bb800fdfd85f9ee8027112a76d7c') in 0.022237 seconds 
  Import took 0.025525 seconds .

========================================================================
Received Import Request.
  Time since last request: 43.283102 seconds.
  path: Assets/BasicVRHands/Meshes/Materials
  artifactKey: Guid(16626592f7675ea459906c6b784f5139) Importer(815301076,1909f56bfc062723c751e8b465ee728b)
Start importing Assets/BasicVRHands/Meshes/Materials using Guid(16626592f7675ea459906c6b784f5139) Importer(815301076,1909f56bfc062723c751e8b465ee728b)  -> (artifact id: 'f16195d1c4437aa5959746bcbe625d5e') in 0.007919 seconds 
  Import took 0.011680 seconds .

========================================================================
Received Import Request.
  Time since last request: 0.094858 seconds.
  path: Assets/BasicVRHands/Meshes/Materials/unnamed.mat
  artifactKey: Guid(8049189ce154952458a3ed15000f2c70) Importer(815301076,1909f56bfc062723c751e8b465ee728b)
Start importing Assets/BasicVRHands/Meshes/Materials/unnamed.mat using Guid(8049189ce154952458a3ed15000f2c70) Importer(815301076,1909f56bfc062723c751e8b465ee728b)  -> (artifact id: '404a97d263e033bb8b607825f2b36f84') in 0.027787 seconds 
  Import took 0.030372 seconds .

========================================================================
Received Import Request.
  Time since last request: 6.332385 seconds.
  path: Assets/BasicVRHands/Materials
  artifactKey: Guid(2a83b128cffb8f343a4ce508cc34a275) Importer(815301076,1909f56bfc062723c751e8b465ee728b)
Start importing Assets/BasicVRHands/Materials using Guid(2a83b128cffb8f343a4ce508cc34a275) Importer(815301076,1909f56bfc062723c751e8b465ee728b)  -> (artifact id: '7ad7e76e554189f40432856e0f2d4f3e') in 0.002216 seconds 
  Import took 0.005116 seconds .

========================================================================
Received Import Request.
  Time since last request: 0.126798 seconds.
  path: Assets/BasicVRHands/Materials/female_high.mat
  artifactKey: Guid(5ceb4231ef986824498bd11724ffa6fc) Importer(815301076,1909f56bfc062723c751e8b465ee728b)
Start importing Assets/BasicVRHands/Materials/female_high.mat using Guid(5ceb4231ef986824498bd11724ffa6fc) Importer(815301076,1909f56bfc062723c751e8b465ee728b)  -> (artifact id: 'ae1bb92bced5ce99cd5f7947570182a9') in 0.032814 seconds 
  Import took 0.035631 seconds .

========================================================================
Received Import Request.
  Time since last request: 0.000142 seconds.
  path: Assets/BasicVRHands/Materials/male_high.mat
  artifactKey: Guid(8f01cc98f0ca64c4fb1e17d53c10bdf5) Importer(815301076,1909f56bfc062723c751e8b465ee728b)
Start importing Assets/BasicVRHands/Materials/male_high.mat using Guid(8f01cc98f0ca64c4fb1e17d53c10bdf5) Importer(815301076,1909f56bfc062723c751e8b465ee728b)  -> (artifact id: 'e1abbecc5ba48e1508e9204c54af651a') in 0.027035 seconds 
  Import took 0.029633 seconds .

========================================================================
Received Import Request.
  Time since last request: 0.000169 seconds.
  path: Assets/BasicVRHands/Materials/female_low.mat
  artifactKey: Guid(265ba874113d1a94d999463a60f0b68a) Importer(815301076,1909f56bfc062723c751e8b465ee728b)
Start importing Assets/BasicVRHands/Materials/female_low.mat using Guid(265ba874113d1a94d999463a60f0b68a) Importer(815301076,1909f56bfc062723c751e8b465ee728b)  -> (artifact id: '8bded897c8c37563010bbcdc051242e8') in 0.218264 seconds 
  Import took 0.221090 seconds .

========================================================================
Received Import Request.
  Time since last request: 0.000246 seconds.
  path: Assets/BasicVRHands/Materials/male_low.mat
  artifactKey: Guid(89ebfca71d22dee4fa40dd513f1e3f95) Importer(815301076,1909f56bfc062723c751e8b465ee728b)
Start importing Assets/BasicVRHands/Materials/male_low.mat using Guid(89ebfca71d22dee4fa40dd513f1e3f95) Importer(815301076,1909f56bfc062723c751e8b465ee728b)  -> (artifact id: 'a490ad288c4daacaf2d1b7647c7fd0b5') in 0.025690 seconds 
  Import took 0.028239 seconds .

========================================================================
Received Import Request.
  Time since last request: 0.000202 seconds.
  path: Assets/BasicVRHands/Materials/unnamed.mat
  artifactKey: Guid(999dfd2671af51f449525c10df309fbf) Importer(815301076,1909f56bfc062723c751e8b465ee728b)
Start importing Assets/BasicVRHands/Materials/unnamed.mat using Guid(999dfd2671af51f449525c10df309fbf) Importer(815301076,1909f56bfc062723c751e8b465ee728b)  -> (artifact id: 'fccbca40e37de2bd30f5e2df6355ea2c') in 0.008798 seconds 
  Import took 0.011550 seconds .

========================================================================
Received Import Request.
  Time since last request: 6.624758 seconds.
  path: Assets/BasicVRHands/Animation
  artifactKey: Guid(c8d16e92ab3058741bd766db78e81c1a) Importer(815301076,1909f56bfc062723c751e8b465ee728b)
Start importing Assets/BasicVRHands/Animation using Guid(c8d16e92ab3058741bd766db78e81c1a) Importer(815301076,1909f56bfc062723c751e8b465ee728b)  -> (artifact id: '7cdf30f7edd592d928668556e6a41ea7') in 0.008446 seconds 
  Import took 0.011506 seconds .

========================================================================
Received Import Request.
  Time since last request: 289.012999 seconds.
  path: Assets/BasicVRHands/Prefabs
  artifactKey: Guid(82756fa0a5ae9f7468e69522cc37bb1a) Importer(815301076,1909f56bfc062723c751e8b465ee728b)
Start importing Assets/BasicVRHands/Prefabs using Guid(82756fa0a5ae9f7468e69522cc37bb1a) Importer(815301076,1909f56bfc062723c751e8b465ee728b)  -> (artifact id: '7144897bda31f4c87a419fd484547ded') in 0.008719 seconds 
  Import took 0.012306 seconds .

========================================================================
Received Import Request.
  Time since last request: 0.953297 seconds.
  path: Assets/BasicVRHands/Prefabs/Hands
  artifactKey: Guid(68e143d1c9b61c1419e70ed393cb0dac) Importer(815301076,1909f56bfc062723c751e8b465ee728b)
Start importing Assets/BasicVRHands/Prefabs/Hands using Guid(68e143d1c9b61c1419e70ed393cb0dac) Importer(815301076,1909f56bfc062723c751e8b465ee728b)  -> (artifact id: '3d5cfd58922f936b01ef7d7661a3c277') in 0.007622 seconds 
  Import took 0.011365 seconds .

========================================================================
Received Import Request.
  Time since last request: 1.367280 seconds.
  path: Assets/BasicVRHands/Prefabs/Hands/Left
  artifactKey: Guid(be6836cd0023bdf4e834bf2e5646c37c) Importer(815301076,1909f56bfc062723c751e8b465ee728b)
Start importing Assets/BasicVRHands/Prefabs/Hands/Left using Guid(be6836cd0023bdf4e834bf2e5646c37c) Importer(815301076,1909f56bfc062723c751e8b465ee728b)  -> (artifact id: 'f3de08d4dace3f7658f5a8f63ec7ac3f') in 0.007039 seconds 
  Import took 0.009901 seconds .

========================================================================
Received Import Request.
  Time since last request: 1.831136 seconds.
  path: Assets/BasicVRHands/Prefabs/Hands/Left/Male
  artifactKey: Guid(5710bc893af020a4a9293920e04140da) Importer(815301076,1909f56bfc062723c751e8b465ee728b)
Start importing Assets/BasicVRHands/Prefabs/Hands/Left/Male using Guid(5710bc893af020a4a9293920e04140da) Importer(815301076,1909f56bfc062723c751e8b465ee728b)  -> (artifact id: 'df24413b97f9ab485a6233ba1d2b0132') in 0.007286 seconds 
  Import took 0.010409 seconds .

========================================================================
Received Import Request.
  Time since last request: 0.068735 seconds.
  path: Assets/BasicVRHands/Prefabs/Hands/Left/Male/male_hand_high_l.prefab
  artifactKey: Guid(bf1426ad5648a2348bfe0f8905e52e76) Importer(815301076,1909f56bfc062723c751e8b465ee728b)
Start importing Assets/BasicVRHands/Prefabs/Hands/Left/Male/male_hand_high_l.prefab using Guid(bf1426ad5648a2348bfe0f8905e52e76) Importer(815301076,1909f56bfc062723c751e8b465ee728b)  -> (artifact id: '389be783fadf5a0362abc16b11b4158f') in 0.030956 seconds 
  Import took 0.034461 seconds .

========================================================================
Received Import Request.
  Time since last request: 0.000171 seconds.
  path: Assets/BasicVRHands/Prefabs/Hands/Left/Male/male_hand_lowest_l.prefab
  artifactKey: Guid(df4b88499f4990141938c50917087abd) Importer(815301076,1909f56bfc062723c751e8b465ee728b)
Start importing Assets/BasicVRHands/Prefabs/Hands/Left/Male/male_hand_lowest_l.prefab using Guid(df4b88499f4990141938c50917087abd) Importer(815301076,1909f56bfc062723c751e8b465ee728b)  -> (artifact id: '244b441620b6dcf02cd3e8144d9f49b1') in 0.022059 seconds 
  Import took 0.025546 seconds .

========================================================================
Received Import Request.
  Time since last request: 0.000160 seconds.
  path: Assets/BasicVRHands/Prefabs/Hands/Left/Male/male_hand_low_l.prefab
  artifactKey: Guid(7fd4f834ddb58af4c8dc5208428c7108) Importer(815301076,1909f56bfc062723c751e8b465ee728b)
Start importing Assets/BasicVRHands/Prefabs/Hands/Left/Male/male_hand_low_l.prefab using Guid(7fd4f834ddb58af4c8dc5208428c7108) Importer(815301076,1909f56bfc062723c751e8b465ee728b)  -> (artifact id: '9f9ec06a4523b42715ddcde3bd729126') in 0.027932 seconds 
  Import took 0.030805 seconds .

========================================================================
Received Import Request.
  Time since last request: 41.425659 seconds.
  path: Assets/BasicVRHands/Prefabs/Hands/Right
  artifactKey: Guid(d0b5d71d6397bb24983d84ddd0a83c0a) Importer(815301076,1909f56bfc062723c751e8b465ee728b)
Start importing Assets/BasicVRHands/Prefabs/Hands/Right using Guid(d0b5d71d6397bb24983d84ddd0a83c0a) Importer(815301076,1909f56bfc062723c751e8b465ee728b)  -> (artifact id: '33320cda0adbca55b7038567803380d1') in 0.006836 seconds 
  Import took 0.010326 seconds .

========================================================================
Received Import Request.
  Time since last request: 0.872956 seconds.
  path: Assets/BasicVRHands/Prefabs/Hands/Right/Male
  artifactKey: Guid(a781c633bf909434ea49849227b559c3) Importer(815301076,1909f56bfc062723c751e8b465ee728b)
Start importing Assets/BasicVRHands/Prefabs/Hands/Right/Male using Guid(a781c633bf909434ea49849227b559c3) Importer(815301076,1909f56bfc062723c751e8b465ee728b)  -> (artifact id: 'fc75a4bf20b27855ec59d2e7525e8a16') in 0.003492 seconds 
  Import took 0.007328 seconds .

========================================================================
Received Import Request.
  Time since last request: 0.070061 seconds.
  path: Assets/BasicVRHands/Prefabs/Hands/Right/Male/male_hand_high_r.prefab
  artifactKey: Guid(405768fc21d53b44c8234e4ebf91877f) Importer(815301076,1909f56bfc062723c751e8b465ee728b)
Start importing Assets/BasicVRHands/Prefabs/Hands/Right/Male/male_hand_high_r.prefab using Guid(405768fc21d53b44c8234e4ebf91877f) Importer(815301076,1909f56bfc062723c751e8b465ee728b)  -> (artifact id: '20cb352273b60cb617c202ac20000e6e') in 0.019862 seconds 
  Import took 0.023244 seconds .

========================================================================
Received Import Request.
  Time since last request: 0.000161 seconds.
  path: Assets/BasicVRHands/Prefabs/Hands/Right/Male/male_hand_low_r.prefab
  artifactKey: Guid(cb27c64c5d221534bad23f83c0b73c45) Importer(815301076,1909f56bfc062723c751e8b465ee728b)
Start importing Assets/BasicVRHands/Prefabs/Hands/Right/Male/male_hand_low_r.prefab using Guid(cb27c64c5d221534bad23f83c0b73c45) Importer(815301076,1909f56bfc062723c751e8b465ee728b)  -> (artifact id: '08820c656a07cb5d4274a7aa930e7dd1') in 0.018234 seconds 
  Import took 0.021620 seconds .

========================================================================
Received Import Request.
  Time since last request: 0.000187 seconds.
  path: Assets/BasicVRHands/Prefabs/Hands/Right/Male/male_hand_lowest_r.prefab
  artifactKey: Guid(2ef55f31e68ebfd4ea9afecb17521ca9) Importer(815301076,1909f56bfc062723c751e8b465ee728b)
Start importing Assets/BasicVRHands/Prefabs/Hands/Right/Male/male_hand_lowest_r.prefab using Guid(2ef55f31e68ebfd4ea9afecb17521ca9) Importer(815301076,1909f56bfc062723c751e8b465ee728b)  -> (artifact id: 'dd6b2655f16c0a6eb102d5b533b29bd9') in 0.020911 seconds 
  Import took 0.023986 seconds .

========================================================================
Received Prepare
Registering precompiled user dll's ...
Registered in 0.011231 seconds.
Begin MonoManager ReloadAssembly
Native extension for WindowsStandalone target not found
Refreshing native plugins compatible for Editor in 1.43 ms, found 10 plugins.
Preloading 0 native plugins for Editor in 0.00 ms.
Mono: successfully reloaded assembly
- Completed reload, in  0.983 seconds
Domain Reload Profiling:
	ReloadAssembly (984ms)
		BeginReloadAssembly (118ms)
			ExecutionOrderSort (0ms)
			DisableScriptedObjects (5ms)
			BackupInstance (0ms)
			ReleaseScriptingObjects (0ms)
			CreateAndSetChildDomain (34ms)
		EndReloadAssembly (806ms)
			LoadAssemblies (98ms)
			RebuildTransferFunctionScriptingTraits (0ms)
			SetupTypeCache (276ms)
			ReleaseScriptCaches (1ms)
			RebuildScriptCaches (35ms)
			SetupLoadedEditorAssemblies (301ms)
				LogAssemblyErrors (0ms)
				InitializePlatformSupportModulesInManaged (7ms)
				SetLoadedEditorAssemblies (1ms)
				RefreshPlugins (2ms)
				BeforeProcessingInitializeOnLoad (79ms)
				ProcessInitializeOnLoadAttributes (203ms)
				ProcessInitializeOnLoadMethodAttributes (4ms)
				AfterProcessingInitializeOnLoad (7ms)
				EditorAssembliesLoaded (0ms)
			ExecutionOrderSort2 (0ms)
			AwakeInstancesAfterBackupRestoration (6ms)
Platform modules already initialized, skipping
Refreshing native plugins compatible for Editor in 0.89 ms, found 10 plugins.
Preloading 0 native plugins for Editor in 0.00 ms.
Unloading 1751 Unused Serialized files (Serialized files now loaded: 0)
System memory in use before: 96.5 MB.
System memory in use after: 96.6 MB.

Unloading 65 unused Assets to reduce memory usage. Loaded Objects now: 2217.
Total: 2.424200 ms (FindLiveObjects: 0.157000 ms CreateObjectMapping: 0.058400 ms MarkObjects: 2.184500 ms  DeleteObjects: 0.023400 ms)

AssetImportParameters requested are different than current active one (requested -> active):
  custom:framework-win-MediaFoundation: 216162199b28c13a410421893ffa2e32 -> 
  custom:video-decoder-ogg-theora: a1e56fd34408186e4bbccfd4996cb3dc -> 
  custom:container-muxer-webm: aa71ff27fc2769a1b78a27578f13a17b -> 
  custom:container-demuxer-webm: 4f35f7cbe854078d1ac9338744f61a02 -> 
  custom:container-demuxer-ogg: 62fdf1f143b41e24485cea50d1cbac27 -> 
  custom:video-encoder-webm-vp8: eb34c28f22e8b96e1ab97ce403110664 -> 
  custom:video-codec-MediaFoundation-h265: 746d11721c4dcdbdad8f713fa42b33f4 -> 
  custom:video-decoder-webm-vp8: 9c59270c3fd7afecdb556c50c9e8de78 -> 
  custom:audio-decoder-ogg-vorbis: bf7c407c2cedff20999df2af8eb42d56 -> 
  custom:audio-encoder-webm-vorbis: bf7c407c2cedff20999df2af8eb42d56 -> 
========================================================================
Received Prepare
Registering precompiled user dll's ...
Registered in 0.028100 seconds.
Begin MonoManager ReloadAssembly
Native extension for WindowsStandalone target not found
Refreshing native plugins compatible for Editor in 0.91 ms, found 10 plugins.
Preloading 0 native plugins for Editor in 0.00 ms.
Mono: successfully reloaded assembly
- Completed reload, in  1.110 seconds
Domain Reload Profiling:
	ReloadAssembly (1110ms)
		BeginReloadAssembly (118ms)
			ExecutionOrderSort (0ms)
			DisableScriptedObjects (7ms)
			BackupInstance (0ms)
			ReleaseScriptingObjects (0ms)
			CreateAndSetChildDomain (40ms)
		EndReloadAssembly (928ms)
			LoadAssemblies (108ms)
			RebuildTransferFunctionScriptingTraits (0ms)
			SetupTypeCache (324ms)
			ReleaseScriptCaches (1ms)
			RebuildScriptCaches (42ms)
			SetupLoadedEditorAssemblies (335ms)
				LogAssemblyErrors (0ms)
				InitializePlatformSupportModulesInManaged (6ms)
				SetLoadedEditorAssemblies (0ms)
				RefreshPlugins (1ms)
				BeforeProcessingInitializeOnLoad (104ms)
				ProcessInitializeOnLoadAttributes (212ms)
				ProcessInitializeOnLoadMethodAttributes (4ms)
				AfterProcessingInitializeOnLoad (8ms)
				EditorAssembliesLoaded (0ms)
			ExecutionOrderSort2 (0ms)
			AwakeInstancesAfterBackupRestoration (6ms)
Platform modules already initialized, skipping
Refreshing native plugins compatible for Editor in 1.07 ms, found 10 plugins.
Preloading 0 native plugins for Editor in 0.00 ms.
Unloading 1751 Unused Serialized files (Serialized files now loaded: 0)
System memory in use before: 96.5 MB.
System memory in use after: 96.6 MB.

Unloading 65 unused Assets to reduce memory usage. Loaded Objects now: 2220.
Total: 2.705000 ms (FindLiveObjects: 0.203800 ms CreateObjectMapping: 0.069000 ms MarkObjects: 2.402500 ms  DeleteObjects: 0.028000 ms)

AssetImportParameters requested are different than current active one (requested -> active):
  custom:framework-win-MediaFoundation: 216162199b28c13a410421893ffa2e32 -> 
  custom:video-decoder-ogg-theora: a1e56fd34408186e4bbccfd4996cb3dc -> 
  custom:container-muxer-webm: aa71ff27fc2769a1b78a27578f13a17b -> 
  custom:container-demuxer-webm: 4f35f7cbe854078d1ac9338744f61a02 -> 
  custom:container-demuxer-ogg: 62fdf1f143b41e24485cea50d1cbac27 -> 
  custom:video-encoder-webm-vp8: eb34c28f22e8b96e1ab97ce403110664 -> 
  custom:video-codec-MediaFoundation-h265: 746d11721c4dcdbdad8f713fa42b33f4 -> 
  custom:video-decoder-webm-vp8: 9c59270c3fd7afecdb556c50c9e8de78 -> 
  custom:audio-decoder-ogg-vorbis: bf7c407c2cedff20999df2af8eb42d56 -> 
  custom:audio-encoder-webm-vorbis: bf7c407c2cedff20999df2af8eb42d56 -> 
